<?xml version="1.0" encoding="UTF-8"?>
<testsuite xmlns:xsi="http://www.w3.org/2001/XMLSchema-instance" xsi:noNamespaceSchemaLocation="https://maven.apache.org/surefire/maven-surefire-plugin/xsd/surefire-test-report.xsd" version="3.0.2" name="com.example.website.CounterApplicationTests" time="1.621" tests="1" errors="0" skipped="0" failures="0">
  <properties>
[...]
</properties>
  <testcase name="contextLoads" classname="com.example.website.CounterApplicationTests" time="0.417">
    <system-out><![CDATA[21:39:07.789 [main] INFO org.springframework.test.context.support.AnnotationConfigContextLoaderUtils -- Could not detect default configuration classes for test class [com.example.website.CounterApplicationTests]: CounterApplicationTests does not declare any static, non-private, non-final, nested classes annotated with @Configuration.
21:39:07.869 [main] INFO org.springframework.boot.test.context.SpringBootTestContextBootstrapper -- Found @SpringBootConfiguration com.example.website.WebsiteApplication for test class com.example.website.CounterApplicationTests
21:39:07.969 [main] INFO org.springframework.boot.devtools.restart.RestartApplicationListener -- Restart disabled due to context in which it is running

  .   ____          _            __ _ _
 /\\ / ___'_ __ _ _(_)_ __  __ _ \ \ \ \
( ( )\___ | '_ | '_| | '_ \/ _` | \ \ \ \
 \\/  ___)| |_)| | | | | || (_| |  ) ) ) )
  '  |____| .__|_| |_|_| |_\__, | / / / /
 =========|_|==============|___/=/_/_/_/

 :: Spring Boot ::                (v3.4.4)

2025-10-26T21:39:08.144+09:00  INFO 32572 --- [counter] [           main] c.e.website.CounterApplicationTests      : Starting CounterApplicationTests using Java 25 with PID 32572 (started by kasai in C:\Users\kasai\開発物\個人開発\Website)
2025-10-26T21:39:08.145+09:00  INFO 32572 --- [counter] [           main] c.e.website.CounterApplicationTests      : No active profile set, falling back to 1 default profile: "default"
2025-10-26T21:39:08.680+09:00  INFO 32572 --- [counter] [           main] o.s.b.a.w.s.WelcomePageHandlerMapping    : Adding welcome page template: index
2025-10-26T21:39:08.895+09:00  INFO 32572 --- [counter] [           main] c.e.website.CounterApplicationTests      : Started CounterApplicationTests in 0.935 seconds (process running for 1.498)
]]></system-out>
    <system-err><![CDATA[Mockito is currently self-attaching to enable the inline-mock-maker. This will no longer work in future releases of the JDK. Please add Mockito as an agent to your build what is described in Mockito's documentation: https://javadoc.io/doc/org.mockito/mockito-core/latest/org/mockito/Mockito.html#0.3
WARNING: A Java agent has been loaded dynamically (C:\Users\kasai\.m2\repository\net\bytebuddy\byte-buddy-agent\1.15.11\byte-buddy-agent-1.15.11.jar)
WARNING: If a serviceability tool is in use, please run with -XX:+EnableDynamicAgentLoading to hide this warning
WARNING: If a serviceability tool is not in use, please run with -Djdk.instrument.traceUsage for more information
WARNING: Dynamic loading of agents will be disallowed by default in a future release
]]></system-err>
  </testcase>
</testsuite>